[debug] [2019-09-16T19:19:53.363Z] ----------------------------------------------------------------------
[debug] [2019-09-16T19:19:53.366Z] Command:       E:\Vitor\programas\node-js\node.exe E:\Vitor\programas\node-js\node_modules\firebase-tools\lib\bin\firebase.js deploy
[debug] [2019-09-16T19:19:53.366Z] CLI Version:   7.3.2
[debug] [2019-09-16T19:19:53.366Z] Platform:      win32
[debug] [2019-09-16T19:19:53.366Z] Node Version:  v10.15.3
[debug] [2019-09-16T19:19:53.381Z] Time:          Mon Sep 16 2019 16:19:53 GMT-0300 (GMT-03:00)
[debug] [2019-09-16T19:19:53.381Z] ----------------------------------------------------------------------
[debug] 
[debug] [2019-09-16T19:19:53.401Z] > command requires scopes: ["email","openid","https://www.googleapis.com/auth/cloudplatformprojects.readonly","https://www.googleapis.com/auth/firebase","https://www.googleapis.com/auth/cloud-platform"]
[debug] [2019-09-16T19:19:53.401Z] > authorizing via signed-in user
[debug] [2019-09-16T19:19:53.401Z] [iam] checking project help-code for permissions ["datastore.indexes.create","datastore.indexes.delete","datastore.indexes.list","datastore.indexes.update","firebase.projects.get","firebasedatabase.instances.update","firebasehosting.sites.update"]
[debug] [2019-09-16T19:19:53.403Z] >>> HTTP REQUEST POST https://cloudresourcemanager.googleapis.com/v1/projects/help-code:testIamPermissions  

[debug] [2019-09-16T19:19:54.455Z] <<< HTTP RESPONSE 200
[debug] [2019-09-16T19:19:54.457Z] >>> HTTP REQUEST GET https://firebase.googleapis.com/v1beta1/projects/help-code  
 
[debug] [2019-09-16T19:19:55.666Z] <<< HTTP RESPONSE 200
[info] 
[info] === Deploying to 'help-code'...
[info] 
[info] i  deploying database, firestore, hosting
[info] i  database: checking rules syntax...
[debug] [2019-09-16T19:19:55.673Z] >>> HTTP REQUEST PUT https://help-code.firebaseio.com/.settings/rules.json?dryRun=true  
 {
  /* Visit https://firebase.google.com/docs/database/security to learn more about security rules. */
  "rules": {
    ".read": false,
    ".write": false
  }
}
[debug] [2019-09-16T19:19:56.334Z] <<< HTTP RESPONSE 200
[info] +  database: rules syntax for database help-code is valid
[info] i  firestore: checking firestore.rules for compilation errors...
[info] i  firestore: reading indexes from firestore.indexes.json...
[debug] [2019-09-16T19:19:56.339Z] >>> HTTP REQUEST POST https://firebaserules.googleapis.com/v1/projects/help-code:test  

[debug] [2019-09-16T19:19:57.438Z] <<< HTTP RESPONSE 200
[info] +  firestore: rules file firestore.rules compiled successfully
[debug] [2019-09-16T19:19:57.443Z] >>> HTTP REQUEST POST https://firebasehosting.googleapis.com/v1beta1/sites/help-code/versions  

[debug] [2019-09-16T19:19:59.274Z] <<< HTTP RESPONSE 200
[info] i  firestore: uploading rules firestore.rules...
[debug] [2019-09-16T19:19:59.277Z] >>> HTTP REQUEST POST https://firebaserules.googleapis.com/v1/projects/help-code/rulesets  

[debug] [2019-09-16T19:19:59.277Z] >>> HTTP REQUEST GET https://firestore.googleapis.com/v1beta2/projects/help-code/databases/(default)/collectionGroups/-/indexes  
 
